[09:46:45,562,DoSVNCommit] call - Commit bei Datei(en) files erfolgreich
[09:46:45,565,DoSVNCommit] call - tralala
[09:46:45,566,DoSVNCommit] call - DoSVNCommit
[09:48:50,916,DoSVNCommit] call - Commit bei Datei(en) files erfolgreich
[09:48:50,918,DoSVNCommit] call - tralala
[09:48:50,919,DoSVNCommit] call - DoSVNCommit
Commit bei Datei(en) files erfolgreich
tralala
DoSVNCommit
[09:51:59,154,DoSVNCommit] call - Commit bei Datei(en) files erfolgreich
[09:51:59,156,DoSVNCommit] call - tralala
[09:51:59,157,DoSVNCommit] call - DoSVNCommit
[09:52:15,603,DoSVNCommit] call - Commit bei Datei(en) files erfolgreich
[09:52:15,605,DoSVNCommit] call - tralala
[09:52:15,606,DoSVNCommit] call - DoSVNCommit
[09:53:23,288,DoSVNCommit] call - Commit bei Datei(en) files erfolgreich
[09:53:23,293,DoSVNCommit] call - tralala
[09:53:23,293,DoSVNCommit] call - DoSVNCommit
2017-09-08 09:56:47 INFO  DoSVNCommit:? - Commit bei Datei(en) files erfolgreich
2017-09-08 09:56:47 INFO  DoSVNCommit:? - tralala
2017-09-08 09:56:47 INFO  DoSVNCommit:? - DoSVNCommit
2017-09-08 09:57:27 INFO  DoSVNCommit:? - Commit bei Datei(en) files erfolgreich
2017-09-08 09:57:27 INFO  DoSVNCommit:? - tralala
2017-09-08 09:57:27 INFO  DoSVNCommit:? - DoSVNCommit
[09:59:10,038,DoSVNCommit] call - Commit bei Datei(en) files erfolgreich
[09:59:10,040,DoSVNCommit] call - tralala
[09:59:10,041,DoSVNCommit] call - DoSVNCommit
[09:59:34,793,DoSVNCommit] call - Commit bei Datei(en) files erfolgreich
[09:59:34,795,DoSVNCommit] call - tralala
[09:59:34,795,DoSVNCommit] call - DoSVNCommit
[10:00:03,479,DoSVNCommit] call - Commit bei Datei(en) files erfolgreich
[10:00:03,481,DoSVNCommit] call - tralala
[10:00:03,481,DoSVNCommit] call - DoSVNCommit
[10:35:46,407,DoSVNCommit] call - Commit bei Datei(en) files erfolgreich
[10:35:46,409,DoSVNCommit] call - tralala
[10:35:46,410,DoSVNCommit] call - DoSVNCommit
[10:36:07,678,DoSVNCommit] call - Commit bei Datei(en) files erfolgreich
[10:36:07,681,DoSVNCommit] call - tralala
[10:36:07,681,DoSVNCommit] call - DoSVNCommit
[10:38:02,178,DoSVNCommit] call - Commit bei Datei(en) files erfolgreich
[10:38:02,180,DoSVNCommit] call - tralala
[10:38:02,181,DoSVNCommit] call - DoSVNCommit
[10:39:21,504,DoSVNCommit] call - hdsf
[10:39:21,516,DoSVNCommit] call - Commit bei Datei(en) files erfolgreich
[10:39:21,517,DoSVNCommit] call - tralala
[10:39:21,517,DoSVNCommit] call - DoSVNCommit
[10:41:53,080,DoSVNCommit] call - Programm wird gestartet...
[10:41:53,096,DoSVNCommit] call - Commit bei Datei(en) files erfolgreich
[10:41:53,096,DoSVNCommit] call - tralala
[10:41:53,109,DoSVNCommit] call - svncommit.DoSVNCommit
[10:42:21,071,DoSVNCommit] call - Programm wird gestartet...
[10:42:21,102,DoSVNCommit] call - Commit bei Datei(en) files erfolgreich
[10:42:21,102,DoSVNCommit] call - tralala
[10:42:21,102,DoSVNCommit] call - svncommit.DoSVNCommit
[11:03:28,877,DoSVNCommit] call - Programm wird gestartet...
[11:03:28,892,DoSVNCommit] call - Commit bei Datei(en) files erfolgreich
[11:03:28,892,DoSVNCommit] call - tralala
[11:03:28,892,DoSVNCommit] call - svncommit.DoSVNCommit
[12:59:11,286,DoSVNCommit] call - Programm wird gestartet...
[13:02:34,663,DoSVNCommit] call - Programm wird gestartet...
[13:21:46,165,DoSVNCommit] call - Programm wird gestartet...
[14:30:20,744,DoSVNCommit] call - Programm wird gestartet...
[14:30:20,823,DoSVNCommit] call - Commit bei Datei(en) files erfolgreich
[14:30:20,823,DoSVNCommit] call - tralala
[14:30:20,823,DoSVNCommit] call - DoSVNCommit
[14:34:19,658,DoSVNCommit] call - asjdfhkasjdf
[14:42:23,827,DoSVNCommit] call - asjdfhkasjdf
[15:05:22,821,DoSVNCommit] call - asjdfhkasjdf
[15:06:03,521,Committer] call - asjdfhkasjdf
[15:08:35,670,Committer] call - Starte Commit der Verzeichnisse
[15:08:45,369,Committer] call - Starte Commit der Verzeichnisse...
[15:16:17,639,Committer] call - Starte Commit der Verzeichnisse...
[15:23:26,793,Committer] call - Starte Commit der Verzeichnisse...
[15:26:18,439,Committer] call - Starte Commit der Verzeichnisse...
[15:26:34,864,Committer] call - Starte Commit der Verzeichnisse...
[15:31:24,644,Committer] call - Starte Commit der Verzeichnisse...
[15:32:32,943,Committer] call - Starte Commit der Verzeichnisse...
[15:32:49,859,Committer] call - Starte Commit der Verzeichnisse...
[15:33:10,279,Committer] call - Starte Commit der Verzeichnisse...
[15:33:41,197,Committer] call - Starte Commit der Verzeichnisse...
[15:35:19,651,Committer] call - Starte Commit der Verzeichnisse...
[15:35:58,620,Committer] call - Starte Commit der Verzeichnisse...
[15:37:37,633,Committer] call - Starte Commit der Verzeichnisse...
[15:39:57,665,Committer] call - Starte Commit der Verzeichnisse...
[15:46:26,921,Committer] call - Starte Commit der Verzeichnisse...
[15:46:49,462,Committer] call - Starte Commit der Verzeichnisse...
[15:47:44,368,Committer] call - Starte Commit der Verzeichnisse...
[15:48:29,687,Committer] call - Starte Commit der Verzeichnisse...
[15:55:10,378,Committer] call - Starte Commit der Verzeichnisse...
[15:56:42,226,Committer] call - Starte Commit der Verzeichnisse...
[15:57:27,377,Committer] call - Starte Commit der Verzeichnisse...
[15:58:11,381,Committer] call - Starte Commit der Verzeichnisse...
[15:59:51,850,Committer] call - Starte Commit der Verzeichnisse...
[16:02:29,473,Committer] main - Starte Commit der Verzeichnisse...
[16:02:59,068,Committer] call - Starte Commit der Verzeichnisse...
[16:04:30,236,Committer] call - Starte Commit der Verzeichnisse...
[16:06:28,548,Committer] call - Starte Commit der Verzeichnisse...
[16:09:15,715,Committer] call - Starte Commit der Verzeichnisse...
[16:10:11,703,Committer] call - Starte Commit der Verzeichnisse...
[16:11:27,699,Committer] call - Starte Commit der Verzeichnisse...
[16:12:21,692,Committer] call - Starte Commit der Verzeichnisse...
[16:18:17,063,Committer] call - Starte Commit der Verzeichnisse...
[16:18:26,306,Committer] call - Starte Commit der Verzeichnisse...
[16:20:36,740,Committer] call - Starte Commit der Verzeichnisse...
[16:25:40,146,Committer] call - Starte Commit der Verzeichnisse...
[16:31:39,266,Committer] call - Starte Commit der Verzeichnisse...
[16:31:58,774,Committer] call - Starte Commit der Verzeichnisse...
[16:32:04,201,Committer] call - Starte Commit der Verzeichnisse...
[16:37:38,238,Committer] call - Starte Commit der Verzeichnisse...
[16:38:35,440,Committer] call - Starte Commit der Verzeichnisse...
[16:39:31,890,Committer] call - Starte Commit der Verzeichnisse...
[16:45:30,490,Committer] call - Starte Commit der Verzeichnisse...
[16:45:39,344,Committer] call - Starte Commit der Verzeichnisse...
[16:51:24,597,Committer] call - Starte Commit der Verzeichnisse...
[16:51:25,206,DoSVNCommit] call - Commit bei Datei(en) [C:\Projekte\IKKClassic_Projekt4_SVN-Commit, ] fehlgeschlagen mit 
svn: E155021: This client is too old to work with the working copy at
'C:\Projekte\IKKClassic_Projekt4_SVN-Commit' (format '31').
[16:53:23,586,Committer] call - Starte Commit der Verzeichnisse...
[16:53:24,180,DoSVNCommit] call - Commit bei Datei(en) [C:\Projekte\IKKClassic_Projekt4_SVN-Commit, ] fehlgeschlagen mit 
svn: E155021: This client is too old to work with the working copy at
'C:\Projekte\IKKClassic_Projekt4_SVN-Commit' (format '31').
[16:58:50,621,Committer] call - Starte Commit der Verzeichnisse...
[16:58:51,215,DoSVNCommit] call - Commit bei Datei(en) [C:\Projekte\IKKClassic_Projekt4_SVN-Commit, ] fehlgeschlagen mit 
svn: E155021: This client is too old to work with the working copy at
'C:\Projekte\IKKClassic_Projekt4_SVN-Commit' (format '31').
[17:09:51,765,Committer] call - Starte Commit der Verzeichnisse...
[17:11:58,355,Committer] call - Starte Commit der Verzeichnisse...
[17:11:58,933,DoSVNCommit] call - Commit bei Datei(en) [C:\Projekte\IKKClassic_Projekt4_SVN-Commit, ] fehlgeschlagen mit 
svn: E155021: This client is too old to work with the working copy at
'C:\Projekte\IKKClassic_Projekt4_SVN-Commit' (format '31').
[17:18:19,028,Committer] call - Starte Commit der Verzeichnisse...
[17:18:19,622,DoSVNCommit] call - Commit bei Datei(en) [C:\Projekte\IKKClassic_Projekt4_SVN-Commit, ] fehlgeschlagen mit 
svn: E155021: This client is too old to work with the working copy at
'C:\Projekte\IKKClassic_Projekt4_SVN-Commit' (format '31').
[17:19:44,638,Committer] call - Starte Commit der Verzeichnisse...
[17:19:45,232,DoSVNCommit] call - Commit bei Datei(en) [C:\Projekte\IKKClassic_Projekt4_SVN-Commit, ] fehlgeschlagen mit 
svn: E155021: This client is too old to work with the working copy at
'C:\Projekte\IKKClassic_Projekt4_SVN-Commit' (format '31').
[17:24:03,051,Committer] call - Starte Commit der Verzeichnisse...
[17:24:03,645,DoSVNCommit] call - Commit bei Datei(en) [C:\Projekte\SVN-Commit, ] fehlgeschlagen mit 
svn: E155021: This client is too old to work with the working copy at
'C:\Projekte\SVN-Commit' (format '31').
[17:32:47,751,Committer] call - Starte Commit der Verzeichnisse...
[17:32:48,470,DoSVNCommit] call - Commit bei Datei(en) [C:\Projekte\SVN-Commit, C:\Projekte\SVN-Commit, ] fehlgeschlagen mit 
svn: E155004: Commit failed (details follow):
svn: E155004: Working copy 'C:\Projekte\IKKClassic_Projekt4_SVN-Commit' locked
svn: E155004: 'C:\Projekte\IKKClassic_Projekt4_SVN-Commit' is already locked.
[17:33:30,951,Committer] call - Starte Commit der Verzeichnisse...
[17:33:31,670,DoSVNCommit] call - Commit bei Datei(en) [C:\Projekte\SVN-Commit, C:\Projekte\SVN-Commit, ] fehlgeschlagen mit 
svn: E155004: Commit failed (details follow):
svn: E155004: Working copy 'C:\Projekte\IKKClassic_Projekt4_SVN-Commit' locked
svn: E155004: 'C:\Projekte\IKKClassic_Projekt4_SVN-Commit' is already locked.
[17:36:55,313,Committer] call - Starte Commit der Verzeichnisse...
[17:36:56,032,DoSVNCommit] call - Commit bei Datei(en) [C:\Projekte\SVN-Commit, C:\Projekte\SVN-Commit, ] fehlgeschlagen mit 
svn: E155004: Commit failed (details follow):
svn: E155004: Working copy 'C:\Projekte\IKKClassic_Projekt4_SVN-Commit' locked
svn: E155004: 'C:\Projekte\IKKClassic_Projekt4_SVN-Commit' is already locked.
[17:39:56,694,Committer] call - Starte Commit der Verzeichnisse...
[17:41:42,776,Committer] call - Starte Commit der Verzeichnisse...
[17:43:34,798,Committer] call - Starte Commit der Verzeichnisse...
[17:47:42,975,Committer] call - Starte Commit der Verzeichnisse...
[11:23:05,654,Committer] call - Starte Commit der Verzeichnisse...
[11:23:06,513,DoSVNCommit] call - Commit bei Datei(en) [C:\Projekte\SVN-Commit, C:\Projekte\SVN-Commit, ] fehlgeschlagen mit 
svn: E155004: Commit failed (details follow):
svn: E155004: Working copy 'C:\Projekte\IKKClassic_Projekt4_SVN-Commit' locked
svn: E155004: 'C:\Projekte\IKKClassic_Projekt4_SVN-Commit' is already locked.
[11:29:37,524,Committer] call - Starte Commit der Verzeichnisse...
[11:29:41,040,DoSVNCommit] call - Commit bei Datei(en) [C:\Projekte\SVN-Commit, C:\Projekte\SVN-Commit, ] fehlgeschlagen mit 
svn: E170001: Commit failed (details follow):
svn: E170001: Authentication required for '<https://github.com:443> GitHub'
[11:34:58,821,Committer] call - Starte Commit der Verzeichnisse...
[11:35:01,566,DoSVNCommit] call - Commit bei Datei(en) [C:\Projekte\SVN-Commit, C:\Projekte\SVN-Commit, ] fehlgeschlagen mit 
svn: E170001: Commit failed (details follow):
svn: E170001: Authentication required for '<https://github.com:443> GitHub'
[11:36:56,312,Committer] call - Starte Commit der Verzeichnisse...
[11:47:50,043,Committer] call - Starte Commit der Verzeichnisse...
[11:49:08,638,Committer] call - Starte Commit der Verzeichnisse...
[11:49:16,565,DoSVNCommit] call - Commit bei Datei(en) [C:\Projekte\SVN-Commit, C:\Projekte\SVN-Commit, ] fehlgeschlagen mit 
svn: E170001: Commit failed (details follow):
svn: E170001: Authentication required for '<https://github.com:443> GitHub'
[11:50:13,031,Committer] call - Starte Commit der Verzeichnisse...
[11:50:40,085,Committer] call - Starte Commit der Verzeichnisse...
[11:51:18,927,Committer] call - Starte Commit der Verzeichnisse...
[11:51:22,742,DoSVNCommit] call - Commit bei Datei(en) [C:\Projekte\SVN-Commit, C:\Projekte\SVN-Commit, ] fehlgeschlagen mit 
svn: E170001: Commit failed (details follow):
svn: E170001: Authentication required for '<https://github.com:443> GitHub'
[11:52:37,886,Committer] call - Starte Commit der Verzeichnisse...
[11:52:49,813,Committer] call - Starte Commit der Verzeichnisse...
[11:53:01,450,DoSVNCommit] call - Commit bei Datei(en) [C:\Projekte\SVN-Commit, C:\Projekte\SVN-Commit, ] fehlgeschlagen mit 
svn: E170001: Commit failed (details follow):
svn: E170001: Authentication required for '<https://github.com:443> GitHub'
[11:54:03,414,Committer] call - Starte Commit der Verzeichnisse...
[11:54:07,231,DoSVNCommit] call - Commit bei Datei(en) [C:\Projekte\SVN-Commit, C:\Projekte\SVN-Commit, ] fehlgeschlagen mit 
svn: E170001: Commit failed (details follow):
svn: E170001: Authentication required for '<https://github.com:443> GitHub'
[12:03:04,304,Committer] call - Starte Commit der Verzeichnisse...
[12:09:54,564,Committer] call - Starte Commit der Verzeichnisse...
[12:09:57,439,DoSVNCommit] call - Commit bei Datei(en) [C:\Projekte\SVN-Commit, C:\Projekte\SVN-Commit, ] fehlgeschlagen mit 
svn: E170001: Commit failed (details follow):
svn: E170001: Authentication required for '<https://github.com:443> GitHub'
[12:23:46,167,Committer] call - Starte Commit der Verzeichnisse...
[12:23:49,573,DoSVNCommit] call - Commit bei Datei(en) [C:\Projekte\SVN-Commit, C:\Projekte\SVN-Commit, ] fehlgeschlagen mit 
svn: E170001: Commit failed (details follow):
svn: E170001: Authentication required for '<https://github.com:443> GitHub'
[12:24:22,008,Committer] call - Starte Commit der Verzeichnisse...
[12:24:25,227,DoSVNCommit] call - Commit bei Datei(en) [C:\Projekte\SVN-Commit, C:\Projekte\SVN-Commit, ] fehlgeschlagen mit 
svn: E170001: Commit failed (details follow):
svn: E170001: Authentication required for '<https://github.com:443> GitHub'
[13:00:31,795,Committer] call - Starte Commit der Verzeichnisse...
[13:00:35,202,DoSVNCommit] call - Commit bei Datei(en) [C:\Projekte\SVN-Commit, C:\Projekte\SVN-Commit, ] fehlgeschlagen mit 
svn: E170001: Commit failed (details follow):
svn: E170001: Authentication required for '<https://github.com:443> GitHub'
[13:13:54,464,Committer] call - Starte Commit der Verzeichnisse...
[13:14:02,910,DoSVNCommit] call - Commit bei Datei(en) [C:\Projekte\SVN-Commit, C:\Projekte\SVN-Commit, ] fehlgeschlagen mit 
svn: E170001: Commit failed (details follow):
svn: E170001: Authentication required for '<https://github.com:443> GitHub'
[13:14:56,295,Committer] call - Starte Commit der Verzeichnisse...
[13:37:08,686,Committer] call - Starte Commit der Verzeichnisse...
[13:37:12,170,DoSVNCommit] call - Commit bei Datei(en) [C:\Projekte\SVN-Commit, C:\Projekte\SVN-Commit, ] fehlgeschlagen mit 
svn: E170001: Commit failed (details follow):
svn: E170001: Authentication required for '<https://github.com:443> GitHub'
[INFO, 13:40:35,355,Committer] call - Starte Commit der Verzeichnisse...
[INFO, 13:40:38,262,DoSVNCommit] call - Commit bei Datei(en) [C:\Projekte\SVN-Commit, C:\Projekte\SVN-Commit, ] fehlgeschlagen mit 
svn: E170001: Commit failed (details follow):
svn: E170001: Authentication required for '<https://github.com:443> GitHub'
[13:42:02,033,Committer] call - Starte Commit der Verzeichnisse...
[13:42:05,305,DoSVNCommit] call - Commit bei Datei(en) [C:\Projekte\SVN-Commit, C:\Projekte\SVN-Commit, ] fehlgeschlagen mit 
svn: E170001: Commit failed (details follow):
svn: E170001: Authentication required for '<https://github.com:443> GitHub'
[13:42:42,043,Committer] call - Starte Commit der Verzeichnisse...
[13:45:14,398,Committer] call - Starte Commit der Verzeichnisse...
[ 13:48:24,Committer] call - Starte Commit der Verzeichnisse...
[13:50:29,Category$info] call - Starte Commit der Verzeichnisse...
[13:50:29,Category$info] call - Commit bei Datei(en) [C:\Projekte\SVN-Commit, C:\Projekte\SVN-Commit, ] fehlgeschlagen mit 
svn: E155007: 'C:\Projekte\GroovyLernen\GroovyEclipse\GroovyCommit' is not a working copy
[13:50:38,Category$info] call - Starte Commit der Verzeichnisse...
[13:50:38,Category$info] call - Commit bei Datei(en) [C:\Projekte\SVN-Commit, C:\Projekte\SVN-Commit, ] fehlgeschlagen mit 
svn: E155007: 'C:\Projekte\GroovyLernen\GroovyEclipse\GroovyCommit' is not a working copy
[13:50:50,Category$info] call - Starte Commit der Verzeichnisse...
[13:50:57,Category$info] call - Starte Commit der Verzeichnisse...
[13:50:58,Category$info] call - Commit bei Datei(en) [C:\Projekte\SVN-Commit, C:\Projekte\SVN-Commit, ] fehlgeschlagen mit 
svn: E155007: 'C:\Projekte\GroovyLernen\GroovyEclipse\GroovyCommit' is not a working copy
[13:51:41,svncommit.Committer] call - Starte Commit der Verzeichnisse...
[13:51:46,svncommit.Committer] call - Starte Commit der Verzeichnisse...
[13:51:47,svncommit.DoSVNCommit] call - Commit bei Datei(en) [C:\Projekte\SVN-Commit, C:\Projekte\SVN-Commit, ] fehlgeschlagen mit 
svn: E155007: 'C:\Projekte\GroovyLernen\GroovyEclipse\GroovyCommit' is not a working copy
[13:53:14,Committer] call - Starte Commit der Verzeichnisse...
[13:53:14,DoSVNCommit] call - Commit bei Datei(en) [C:\Projekte\SVN-Commit, C:\Projekte\SVN-Commit, ] fehlgeschlagen mit 
svn: E155007: 'C:\Projekte\GroovyLernen\GroovyEclipse\GroovyCommit' is not a working copy
[13:53:43,Committer] call - Starte Commit der Verzeichnisse...
[13:53:43,DoSVNCommit] call - Commit bei Datei(en) [C:\Projekte\SVN-Commit, C:\Projekte\SVN-Commit, ] fehlgeschlagen mit 
svn: E155007: 'C:\Projekte\GroovyLernen\GroovyEclipse\GroovyCommit' is not a working copy
[13:54:50,Committer] call - Starte Commit der Verzeichnisse...
[13:54:51,DoSVNCommit] call - Commit bei Datei(en) [C:\Projekte\SVN-Commit, C:\Projekte\SVN-Commit, ] fehlgeschlagen mit 
svn: E155007: 'C:\Projekte\GroovyLernen\GroovyEclipse\GroovyCommit' is not a working copy
[13:56:09,Committer] - Starte Commit der Verzeichnisse...
[13:56:10,DoSVNCommit] - Commit bei Datei(en) [C:\Projekte\SVN-Commit, C:\Projekte\SVN-Commit, ] fehlgeschlagen mit 
svn: E155007: 'C:\Projekte\GroovyLernen\GroovyEclipse\GroovyCommit' is not a working copy
[13:57:54,Committer] - Starte Commit der Verzeichnisse...
[13:59:02,Committer] - Starte Commit der Verzeichnisse...
[13:59:11,DoSVNCommit] - Commit bei Datei(en) [C:\Projekte\SVN-Commit, C:\Projekte\SVN-Commit, ] fehlgeschlagen mit 
svn: E170001: Commit failed (details follow):
svn: E170001: Authentication required for '<https://github.com:443> GitHub'
[14:06:59,Committer] - Starte Commit der Verzeichnisse...
[14:07:00,DoSVNCommit] - Commit bei Datei(en) [C:\Projekte\SVN-Commit, C:\Projekte\SVN-Commit, ] fehlgeschlagen mit 
svn: E155007: 'C:\Projekte\GroovyLernen\GroovyEclipse\GroovyCommit' is not a working copy
[14:07:13,Committer] - Starte Commit der Verzeichnisse...
[14:07:13,DoSVNCommit] - Commit bei Datei(en) [C:\Projekte\SVN-Commit, C:\Projekte\SVN-Commit, ] fehlgeschlagen mit 
svn: E155007: 'C:\Projekte\GroovyLernen\GroovyEclipse\GroovyCommit' is not a working copy
[14:10:29,Committer] - Starte Commit der Verzeichnisse...
[14:10:37,DoSVNCommit] - Commit bei Datei(en) [C:\Projekte\SVN-Commit, C:\Projekte\SVN-Commit, ] fehlgeschlagen mit 
svn: E170001: Commit failed (details follow):
svn: E170001: Authentication required for '<https://github.com:443> GitHub'
[14:11:00,Committer] - Starte Commit der Verzeichnisse...
[14:11:03,DoSVNCommit] - Commit bei Datei(en) [C:\Projekte\SVN-Commit, C:\Projekte\SVN-Commit, ] fehlgeschlagen mit 
svn: E170001: Commit failed (details follow):
svn: E170001: Authentication required for '<https://github.com:443> GitHub'
[14:11:57,Committer] - Starte Commit der Verzeichnisse...
[14:11:58,DoSVNCommit] - Commit bei Datei(en) [C:\Projekte\SVN-Commit, C:\Projekte\SVN-Commit, ] fehlgeschlagen mit 
svn: E155007: 'C:\Projekte\GroovyLernen\GroovyEclipse\GroovyCommit' is not a working copy
[14:21:30,Committer] - Starte Commit der Verzeichnisse...
[14:21:39,DoSVNCommit] - Commit bei Datei(en) [C:\Projekte\SVN-Commit, C:\Projekte\SVN-Commit, ] fehlgeschlagen mit 
svn: E170001: Commit failed (details follow):
svn: E170001: Authentication required for '<https://github.com:443> GitHub'
[14:27:56,Committer] - Starte Commit der Verzeichnisse...
[14:28:00,DoSVNCommit] - Commit bei Datei(en) [C:\Projekte\SVN-Commit, C:\Projekte\SVN-Commit, ] fehlgeschlagen mit 
svn: E170001: Commit failed (details follow):
svn: E170001: Authentication required for '<https://github.com:443> GitHub'
[08:20:27,Committer] - Starte Commit der Verzeichnisse...
[08:20:43,Committer] - Starte Commit der Verzeichnisse...
[08:20:44,DoSVNCommit] - Commit bei Datei(en) [C:\Projekte\SVN-Commit, C:\Projekte\SVN-Commit, ] fehlgeschlagen mit 
svn: E155007: 'C:\Projekte\GroovyLernen\GroovyEclipse\GroovyCommit' is not a working copy
[08:33:33,Committer] - Starte Commit der Verzeichnisse...
[08:34:23,Committer] - Starte Commit der Verzeichnisse...
[08:34:39,Committer] - Starte Commit der Verzeichnisse...
[08:34:39,DoSVNCommit] - Commit bei Datei(en) [C:\Projekte\SVN-Commit, C:\Projekte\SVN-Commit, ] fehlgeschlagen mit 
svn: E155004: Commit failed (details follow):
svn: E155004: Working copy 'C:\Projekte\IKKClassic_Projekt4_SVN-Commit' locked
svn: E155004: 'C:\Projekte\IKKClassic_Projekt4_SVN-Commit' is already locked.
[08:39:28,Committer] - Starte Commit der Verzeichnisse...
[08:39:28,DoSVNCommit] - Commit bei Datei(en) [C:\Projekte\SVN-Commit, C:\Projekte\SVN-Commit, ] fehlgeschlagen mit 
svn: E155004: Commit failed (details follow):
svn: E155004: Working copy 'C:\Projekte\SVN-Commit' locked
svn: E155004: 'C:\Projekte\SVN-Commit' is already locked.
[08:59:32,Committer] - Starte Commit der Verzeichnisse...
[08:59:33,DoSVNCommit] - Commit bei Datei(en) [C:\Projekte\SVN-Commit, C:\Projekte\SVN-Commit, ] fehlgeschlagen mit 
svn: E155007: 'C:\Projekte\GroovyLernen\GroovyEclipse\GroovyCommit' is not a working copy
[09:01:10,Committer] - Starte Commit der Verzeichnisse...
[09:01:10,DoSVNCommit] - Commit bei Datei(en) [C:\Projekte\SVN-Commit, C:\Projekte\SVN-Commit, ]erfolgreich
[09:04:24,Committer] - Starte Commit der Verzeichnisse...
[09:04:25,DoSVNCommit] - Commit bei Datei(en) [C:\Projekte\SVN-Commit, C:\Projekte\SVN-Commit, ]erfolgreich
[09:09:12,Committer] - Starte Commit der Verzeichnisse...
[09:09:13,DoSVNCommit] - Commit bei Datei(en) [C:\Projekte\SVN-Commit, C:\Projekte\SVN-Skript, ]erfolgreich
[09:09:58,Committer] - Starte Commit der Verzeichnisse...
[09:09:59,DoSVNCommit] - Commit bei Datei(en) [C:\Projekte\SVN-Commit, C:\Projekte\SVN-Skript, ] fehlgeschlagen mit 
svn: E155007: 'C:\Projekte\GroovyLernen\GroovyEclipse\GroovyCommit' is not a working copy
[09:16:19,Committer] - Starte Commit der Verzeichnisse...
[09:16:20,DoSVNCommit] - Commit bei Datei(en) [C:\Projekte\SVN-Commit, C:\Projekte\SVN-Skript, ]erfolgreich
[09:20:43,Committer] - Starte Commit der Verzeichnisse...
[09:20:44,DoSVNCommit] - Commit bei Datei(en) [C:\Projekte\SVN-Commit, C:\Projekte\SVN-Skript, ] fehlgeschlagen mit 
svn: E155007: 'C:\Projekte\GroovyLernen\GroovyEclipse\GroovyCommit' is not a working copy
[09:21:06,Committer] - Starte Commit der Verzeichnisse...
[09:28:11,Committer] - Starte Commit der Verzeichnisse...
[09:28:12,DoSVNCommit] - Commit bei Datei(en) [C:\Projekte\SVN-Commit, C:\Projekte\SVN-Skript, ] fehlgeschlagen mit 
svn: E155007: 'C:\Projekte\GroovyLernen\GroovyEclipse\GroovyCommit' is not a working copy
[09:45:00,Committer] - Starte Commit der Verzeichnisse...
[09:45:01,DoSVNCommit] - Commit bei Datei(en) [C:\Projekte\SVN-Commit, C:\Projekte\SVN-Skript, ] fehlgeschlagen mit 
svn: E155007: 'C:\Projekte\GroovyLernen\GroovyEclipse\GroovyCommit' is not a working copy
[09:45:52,Committer] - Starte Commit der Verzeichnisse...
[09:45:53,DoSVNCommit] - Commit bei Datei(en) [C:\Projekte\SVN-Commit, C:\Projekte\SVN-Skript, ] fehlgeschlagen mit 
svn: E155007: 'C:\Projekte\GroovyLernen\GroovyEclipse\GroovyCommit' is not a working copy
[09:51:57,Committer] - Starte Commit der Verzeichnisse...
[09:52:14,Committer] - Starte Commit der Verzeichnisse...
[09:52:15,DoSVNCommit] - Commit bei Datei(en) [C:\Projekte\SVN-Commit, C:\Projekte\SVN-Skript, ] fehlgeschlagen mit 
svn: E155007: 'C:\Projekte\GroovyLernen\GroovyEclipse\GroovyCommit' is not a working copy
[09:57:47,Committer] - Starte Commit der Verzeichnisse...
[09:57:47,Committer] - Alle Files gelesen!
[09:57:47,Committer] - Alle Files gelesen!
[09:57:47,Committer] - Alle Files gelesen!
[09:57:48,DoSVNCommit] - Commit bei Datei(en) [C:\Projekte\SVN-Commit, C:\Projekte\SVN-Skript, ] fehlgeschlagen mit 
svn: E155007: 'C:\Projekte\GroovyLernen\GroovyEclipse\GroovyCommit' is not a working copy
[09:58:26,Committer] - Starte Commit der Verzeichnisse...
[09:58:26,Committer] - No such property: file for class: svncommit.Committer
[09:58:26,Committer] - No such property: file for class: svncommit.Committer
[09:58:26,Committer] - No such property: file for class: svncommit.Committer
[09:58:27,DoSVNCommit] - Commit bei Datei(en) [C:\Projekte\SVN-Commit, C:\Projekte\SVN-Skript, ] fehlgeschlagen mit 
svn: E155007: 'C:\Projekte\GroovyLernen\GroovyEclipse\GroovyCommit' is not a working copy
[09:58:45,Committer] - Starte Commit der Verzeichnisse...
[09:58:45,Committer] - C:/Projekte/SVN-Commitgelesen
[09:58:45,Committer] - C:/Projekte/SVN-Skriptgelesen
[09:58:45,Committer] - gelesen
[09:59:15,Committer] - Starte Commit der Verzeichnisse...
[09:59:15,Committer] - C:/Projekte/SVN-Commit gelesen
[09:59:15,Committer] - C:/Projekte/SVN-Skript gelesen
[09:59:15,Committer] -  gelesen
[09:59:29,Committer] - Starte Commit der Verzeichnisse...
[09:59:29,Committer] - C:/Projekte/SVN-Commit gelesen
[09:59:29,Committer] - C:/Projekte/SVN-Skript gelesen
[09:59:29,Committer] -  gelesen
[09:59:30,DoSVNCommit] - Commit bei Datei(en) [C:\Projekte\SVN-Commit, C:\Projekte\SVN-Skript, ] fehlgeschlagen mit 
svn: E155007: 'C:\Projekte\GroovyLernen\GroovyEclipse\GroovyCommit' is not a working copy
[10:00:30,Committer] - Starte Commit der Verzeichnisse...
[10:00:30,Committer] - C:/Projekte/SVN-Commit gelesen
[10:00:30,Committer] - C:/Projekte/SVN-Skript gelesen
[10:00:31,DoSVNCommit] - Commit bei Datei(en) [C:\Projekte\SVN-Commit, C:\Projekte\SVN-Skript] fehlgeschlagen mit 
svn: E170001: Authentication required for '<https://subversion01:443>'
[10:02:02,Committer] - Starte Commit der Verzeichnisse...
[10:02:02,Committer] - C:/Projekte/SVN-Commit gelesen!
[10:02:02,Committer] - C:/Projekte/SVN-Skript gelesen!
[10:02:09,Committer] - Starte Commit der Verzeichnisse...
[10:02:09,Committer] - C:/Projekte/SVN-Commit gelesen!
[10:02:09,Committer] - C:/Projekte/SVN-Skript gelesen!
[10:02:10,DoSVNCommit] - Commit bei Datei(en) [C:\Projekte\SVN-Commit, C:\Projekte\SVN-Skript] fehlgeschlagen mit 
svn: E170001: Authentication required for '<https://subversion01:443>'
[10:16:12,Committer] - Starte Commit der Verzeichnisse...
[10:16:12,Committer] - C:/Projekte/SVN-Commit gelesen!
[10:16:12,Committer] - C:/Projekte/SVN-Skript gelesen!
[10:16:14,DoSVNCommit] - Commit bei Datei(en) [C:\Projekte\SVN-Commit, C:\Projekte\SVN-Skript] fehlgeschlagen mit 
svn: E170001: Negotiate authentication failed: 'No valid credentials provided'
[10:19:45,Committer] - Starte Commit der Verzeichnisse...
[10:19:45,Committer] - C:/Projekte/SVN-Commit gelesen!
[10:19:45,Committer] - C:/Projekte/SVN-Skript gelesen!
[10:19:46,DoSVNCommit] - Commit bei Datei(en) [C:\Projekte\SVN-Commit, C:\Projekte\SVN-Skript] fehlgeschlagen mit 
svn: E170001: Negotiate authentication failed: 'No valid credentials provided'
[10:23:45,Committer] - Starte Commit der Verzeichnisse...
[10:23:45,Committer] - C:/Projekte/SVN-Commit gelesen!
[10:23:45,Committer] - C:/Projekte/SVN-Skript gelesen!
[10:23:53,Committer] - Starte Commit der Verzeichnisse...
[10:23:53,Committer] - C:/Projekte/SVN-Commit gelesen!
[10:23:53,Committer] - C:/Projekte/SVN-Skript gelesen!
[10:23:54,DoSVNCommit] - Commit bei Datei(en) [C:\Projekte\SVN-Commit, C:\Projekte\SVN-Skript] fehlgeschlagen mit 
svn: E170001: Negotiate authentication failed: 'No valid credentials provided'
[10:31:26,Committer] - Starte Commit der Verzeichnisse...
[10:31:26,Committer] - C:/Projekte/SVN-Commit gelesen!
[10:31:26,Committer] - C:/Projekte/SVN-Skript gelesen!
[10:31:34,Committer] - Starte Commit der Verzeichnisse...
[10:31:34,Committer] - C:/Projekte/SVN-Commit gelesen!
[10:31:34,Committer] - C:/Projekte/SVN-Skript gelesen!
[10:31:35,DoSVNCommit] - Commit bei Datei(en) [C:\Projekte\SVN-Commit, C:\Projekte\SVN-Skript] fehlgeschlagen mit 
svn: E170001: Negotiate authentication failed: 'No valid credentials provided'
[10:35:59,Committer] - Starte Commit der Verzeichnisse...
[10:35:59,Committer] - C:/Projekte/SVN-Commit gelesen!
[10:35:59,Committer] - C:/Projekte/SVN-Skript gelesen!
[10:36:04,Committer] - Starte Commit der Verzeichnisse...
[10:36:04,Committer] - C:/Projekte/SVN-Commit gelesen!
[10:36:04,Committer] - C:/Projekte/SVN-Skript gelesen!
[10:36:06,DoSVNCommit] - Commit bei Datei(en) [C:\Projekte\SVN-Commit, C:\Projekte\SVN-Skript] fehlgeschlagen mit 
svn: E170001: Negotiate authentication failed: 'No valid credentials provided'
[10:40:26,Committer] - Starte Commit der Verzeichnisse...
[10:40:26,Committer] - C:/Projekte/SVN-Commit gelesen!
[10:40:26,Committer] - C:/Projekte/SVN-Skript gelesen!
[10:40:28,DoSVNCommit] - Commit bei Datei(en) [C:\Projekte\SVN-Commit, C:\Projekte\SVN-Skript] fehlgeschlagen mit 
svn: E170001: Negotiate authentication failed: 'No valid credentials provided'
[10:43:27,Committer] - Starte Commit der Verzeichnisse...
[10:43:27,Committer] - C:/Projekte/SVN-Commit gelesen!
[10:43:27,Committer] - C:/Projekte/SVN-Skript gelesen!
[10:43:32,Committer] - Starte Commit der Verzeichnisse...
[10:43:32,Committer] - C:/Projekte/SVN-Commit gelesen!
[10:43:32,Committer] - C:/Projekte/SVN-Skript gelesen!
[10:43:33,DoSVNCommit] - Commit bei Datei(en) [C:\Projekte\SVN-Commit, C:\Projekte\SVN-Skript] fehlgeschlagen mit 
svn: E170001: Negotiate authentication failed: 'No valid credentials provided'
[11:09:19,Committer] - Starte Commit der Verzeichnisse...
[11:09:19,Committer] - C:/Projekte/SVN-Commit gelesen!
[11:09:19,Committer] - C:/Projekte/SVN-Skript gelesen!
[11:09:20,DoSVNCommit] - Commit bei Datei(en) [C:\Projekte\SVN-Commit, C:\Projekte\SVN-Skript] fehlgeschlagen mit 
svn: E170001: Negotiate authentication failed: 'No valid credentials provided'
[11:10:04,Committer] - Starte Commit der Verzeichnisse...
[11:10:04,Committer] - C:/Projekte/SVN-Commit gelesen!
[11:10:04,Committer] - C:/Projekte/SVN-Skript gelesen!
[11:10:05,DoSVNCommit] - Commit bei Datei(en) [C:\Projekte\SVN-Commit, C:\Projekte\SVN-Skript] fehlgeschlagen mit 
svn: E170001: Negotiate authentication failed: 'No valid credentials provided'
[11:22:20,Committer] - Starte Commit der Verzeichnisse...
[11:22:20,Committer] - C:/Projekte/SVN-Commit gelesen!
[11:22:20,Committer] - C:/Projekte/SVN-Skript gelesen!
[11:22:21,DoSVNCommit] - Commit bei Datei(en) [C:\Projekte\SVN-Commit, C:\Projekte\SVN-Skript] fehlgeschlagen mit 
svn: E170001: Negotiate authentication failed: 'No valid credentials provided'
[11:39:28,Committer] - Starte Commit der Verzeichnisse...
[11:40:14,Committer] - Starte Commit der Verzeichnisse...
[11:40:14,Committer] - Not connected!
[11:40:14,Committer] - C:/Projekte/SVN-Commit gelesen!
[11:40:14,Committer] - C:/Projekte/SVN-Skript gelesen!
[11:40:15,DoSVNCommit] - Commit bei Datei(en) [C:\Projekte\SVN-Commit, C:\Projekte\SVN-Skript] fehlgeschlagen mit 
svn: E170001: Negotiate authentication failed: 'No valid credentials provided'
[11:41:02,Committer] - Starte Commit der Verzeichnisse...
[11:41:03,Committer] - Not connected!
[11:41:03,Committer] - C:/Projekte/SVN-Commit gelesen!
[11:41:03,Committer] - C:/Projekte/SVN-Skript gelesen!
[11:41:03,DoSVNCommit] - Commit bei Datei(en) [C:\Projekte\SVN-Commit, C:\Projekte\SVN-Skript] fehlgeschlagen mit 
svn: E170001: Negotiate authentication failed: 'No valid credentials provided'
[11:46:57,Committer] - Starte Commit der Verzeichnisse...
[11:46:57,Committer] - Not connected!
[11:46:57,Committer] - C:/Projekte/SVN-Commit gelesen!
[11:46:57,Committer] - C:/Projekte/SVN-Skript gelesen!
[11:46:58,DoSVNCommit] - Commit bei Datei(en) [C:\Projekte\SVN-Commit, C:\Projekte\SVN-Skript] fehlgeschlagen mit 
svn: E170001: Negotiate authentication failed: 'No valid credentials provided'
[11:47:23,Committer] - Starte Commit der Verzeichnisse...
[11:47:23,Committer] - Not connected!
[11:47:24,Committer] - C:/Projekte/SVN-Commit gelesen!
[11:47:24,Committer] - C:/Projekte/SVN-Skript gelesen!
[11:47:29,Committer] - Starte Commit der Verzeichnisse...
[11:47:29,Committer] - Not connected!
[11:47:29,Committer] - C:/Projekte/SVN-Commit gelesen!
[11:47:29,Committer] - C:/Projekte/SVN-Skript gelesen!
[11:47:30,DoSVNCommit] - Commit bei Datei(en) [C:\Projekte\SVN-Commit, C:\Projekte\SVN-Skript] fehlgeschlagen mit 
svn: E170001: Negotiate authentication failed: 'No valid credentials provided'
[11:47:56,Committer] - Starte Commit der Verzeichnisse...
[11:47:56,Committer] - Not connected!
[11:47:57,Committer] - C:/Projekte/SVN-Commit gelesen!
[11:47:57,Committer] - C:/Projekte/SVN-Skript gelesen!
[11:47:57,DoSVNCommit] - Commit bei Datei(en) [C:\Projekte\SVN-Commit, C:\Projekte\SVN-Skript] fehlgeschlagen mit 
svn: E170001: Negotiate authentication failed: 'No valid credentials provided'
[11:54:21,Committer] - Starte Commit der Verzeichnisse...
[11:54:22,Committer] - Not connected!
[11:54:22,Committer] - C:/Projekte/SVN-Commit gelesen!
[11:54:22,Committer] - C:/Projekte/SVN-Skript gelesen!
[11:54:23,DoSVNCommit] - Commit bei Datei(en) [C:\Projekte\SVN-Commit, C:\Projekte\SVN-Skript]erfolgreich
[11:54:35,Committer] - Starte Commit der Verzeichnisse...
[11:54:36,Committer] - Not connected!
[11:54:36,Committer] - C:/Projekte/SVN-Commit gelesen!
[11:54:36,Committer] - C:/Projekte/SVN-Skript gelesen!
[11:54:37,DoSVNCommit] - Commit bei Datei(en) [C:\Projekte\SVN-Commit, C:\Projekte\SVN-Skript]erfolgreich
[11:54:58,Committer] - Starte Commit der Verzeichnisse...
[11:54:59,Committer] - Not connected!
[11:54:59,Committer] - C:/Projekte/SVN-Commit gelesen!
[11:54:59,Committer] - C:/Projekte/SVN-Skript gelesen!
[11:55:00,DoSVNCommit] - Commit bei Datei(en) [C:\Projekte\SVN-Commit, C:\Projekte\SVN-Skript]erfolgreich
[12:53:18,Committer] - Starte Commit der Verzeichnisse...
[12:53:18,Committer] - Not connected!
[12:53:18,Committer] - C:/Projekte/SVN-Commit gelesen!
[12:53:18,Committer] - C:/Projekte/SVN-Skript gelesen!
[12:53:19,DoSVNCommit] - Commit bei Datei(en) [C:\Projekte\SVN-Commit, C:\Projekte\SVN-Skript]erfolgreich
[12:57:21,Committer] - Starte Commit der Verzeichnisse...
[12:57:21,Committer] - Not connected!
[12:57:21,Committer] - C:/Projekte/SVN-Commit gelesen!
[12:57:21,Committer] - C:/Projekte/SVN-Skript gelesen!
[12:57:22,DoSVNCommit] - Commit bei Datei(en) [C:\Projekte\SVN-Commit, C:\Projekte\SVN-Skript] fehlgeschlagen mit 
svn: E170001: Negotiate authentication failed: 'No valid credentials provided'
[12:57:22,Committer] - Commit abgeschlossen
[13:00:54,Committer] - Starte Commit der Verzeichnisse...
[13:00:54,Committer] - Not connected!
[13:00:54,Committer] - C:/Projekte/SVN-Commit gelesen!
[13:00:54,Committer] - C:/Projekte/SVN-Skript gelesen!
[13:00:55,DoSVNCommit] - Commit bei Datei(en) [C:\Projekte\SVN-Commit, C:\Projekte\SVN-Skript] fehlgeschlagen mit 
svn: E170001: Negotiate authentication failed: 'No valid credentials provided'
[13:00:55,Committer] - Commit abgeschlossen
[13:03:29,Committer] - Starte Commit der Verzeichnisse...
[13:03:30,Committer] - Not connected!
[13:03:30,Committer] - C:/Projekte/SVN-Commit gelesen!
[13:03:30,Committer] - C:/Projekte/SVN-Skript gelesen!
[13:11:59,Committer] - Starte Commit der Verzeichnisse...
[13:12:00,DoSVNCommit] - Commit bei Datei(en) [C:\Projekte\SVN-Commit, C:\Projekte\SVN-Skript] fehlgeschlagen mit 
svn: E170001: Authentication required for '<https://subversion01:443>'
